STAT: jconf successfully finalized
STAT: *** loading AM00 _default
Stat: init_phmm: Reading in HMM definition
Stat: rdhmmdef: ascii format HMM definition
Stat: rdhmmdef: limit check passed
Stat: check_hmm_restriction: an HMM with several arcs from initial state found: "sp"
Stat: rdhmmdef: this HMM requires multipath handling at decoding
Stat: rdhmmdef: no <SID> embedded
Stat: rdhmmdef: assign SID by the order of appearance
Stat: init_phmm: defined HMMs:  1929
Stat: init_phmm: loading ascii hmmlist
Stat: init_phmm: logical names: 13589 in HMMList
Stat: init_phmm: base phones:    35 used in logical
Stat: init_phmm: finished reading HMM definitions
STAT: making pseudo bi/mono-phone for IW-triphone
Stat: hmm_lookup: 359 pseudo phones are added to logical HMM list
STAT: *** AM00 _default loaded
STAT: *** loading LM00 _default
Stat: init_voca: read 7911 words
Stat: init_ngram: reading in binary n-gram from binary
Stat: ngram_read_bin: file version: 5
Stat: ngram_read_bin_v5: this is forward 3-gram file
stat: ngram_read_bin_v5: reading 1-gram
stat: ngram_read_bin_v5: reading 2-gram
stat: ngram_read_bin_v5: reading 3-gram
Stat: ngram_read_bin: making entry name index
Stat: init_ngram: found unknown word entry "<unk>"
Stat: init_ngram: finished reading n-gram
Stat: init_ngram: mapping dictonary words to n-gram entries
Warning: ngram_lookup: "SENT-END" not exist in N-gram, treat as unknown
Warning: ngram_lookup: "SENT-START" not exist in N-gram, treat as unknown
Warning: ngram_lookup: "afwamithariq" not exist in N-gram, treat as unknown
Warning: ngram_lookup: "ahiroti" not exist in N-gram, treat as unknown
Warning: ngram_lookup: "aib-aib" not exist in N-gram, treat as unknown
Warning: ngram_lookup: "ajmain" not exist in N-gram, treat as unknown
Warning: ngram_lookup: "al-assad" not exist in N-gram, treat as unknown
Warning: ngram_lookup: "alhamdulillaahirabbil'alamiin" not exist in N-gram, treat as unknown
Warning: ngram_lookup: "alihi" not exist in N-gram, treat as unknown
Warning: ngram_lookup: "anugerahkanlah" not exist in N-gram, treat as unknown
Warning: ngram_lookup: "aquamitoriq" not exist in N-gram, treat as unknown
Warning: ngram_lookup: "asholatu" not exist in N-gram, treat as unknown
Warning: ngram_lookup: "atina" not exist in N-gram, treat as unknown
Warning: ngram_lookup: "atu" not exist in N-gram, treat as unknown
Warning: ngram_lookup: "aylan" not exist in N-gram, treat as unknown
Warning: ngram_lookup: "azabanar" not exist in N-gram, treat as unknown
Warning: ngram_lookup: "bachir" not exist in N-gram, treat as unknown
Warning: ngram_lookup: "bahagiakan" not exist in N-gram, treat as unknown
Warning: ngram_lookup: "berdaampak" not exist in N-gram, treat as unknown
Warning: ngram_lookup: "bismillahirahmanirrahim" not exist in N-gram, treat as unknown
Warning: ngram_lookup: "bitaqwallahi" not exist in N-gram, treat as unknown
Warning: ngram_lookup: "dilobby" not exist in N-gram, treat as unknown
Warning: ngram_lookup: "fannys" not exist in N-gram, treat as unknown
Warning: ngram_lookup: "fidunya" not exist in N-gram, treat as unknown
Warning: ngram_lookup: "garindo" not exist in N-gram, treat as unknown
Warning: ngram_lookup: "gawharatal" not exist in N-gram, treat as unknown
Warning: ngram_lookup: "grogol-kalideres" not exist in N-gram, treat as unknown
Warning: ngram_lookup: "h." not exist in N-gram, treat as unknown
Warning: ngram_lookup: "h.c." not exist in N-gram, treat as unknown
Warning: ngram_lookup: "h.m." not exist in N-gram, treat as unknown
Warning: ngram_lookup: "hadiwijoyo" not exist in N-gram, treat as unknown
Warning: ngram_lookup: "hc." not exist in N-gram, treat as unknown
Warning: ngram_lookup: "huuu" not exist in N-gram, treat as unknown
Warning: ngram_lookup: "ilia" not exist in N-gram, treat as unknown
Warning: ngram_lookup: "ipnu" not exist in N-gram, treat as unknown
Warning: ngram_lookup: "joggingnya" not exist in N-gram, treat as unknown
Warning: ngram_lookup: "kaesang" not exist in N-gram, treat as unknown
Warning: ngram_lookup: "karubaga" not exist in N-gram, treat as unknown
Warning: ngram_lookup: "kelua" not exist in N-gram, treat as unknown
Warning: ngram_lookup: "kemenesdm" not exist in N-gram, treat as unknown
Warning: ngram_lookup: "kemenkomar" not exist in N-gram, treat as unknown
Warning: ngram_lookup: "khususdi" not exist in N-gram, treat as unknown
Warning: ngram_lookup: "krisis.yozi" not exist in N-gram, treat as unknown
Warning: ngram_lookup: "lakal" not exist in N-gram, treat as unknown
Warning: ngram_lookup: "lapas-lapas" not exist in N-gram, treat as unknown
Warning: ngram_lookup: "lilzalali" not exist in N-gram, treat as unknown
Warning: ngram_lookup: "m.m." not exist in N-gram, treat as unknown
Warning: ngram_lookup: "marda" not exist in N-gram, treat as unknown
Warning: ngram_lookup: "maroef" not exist in N-gram, treat as unknown
Warning: ngram_lookup: "mathin" not exist in N-gram, treat as unknown
Warning: ngram_lookup: "melanjutnya" not exist in N-gram, treat as unknown
Warning: ngram_lookup: "misbakun" not exist in N-gram, treat as unknown
Warning: ngram_lookup: "na'imin" not exist in N-gram, treat as unknown
Warning: ngram_lookup: "o.c" not exist in N-gram, treat as unknown
Warning: ngram_lookup: "o.c." not exist in N-gram, treat as unknown
Warning: ngram_lookup: "panwascam" not exist in N-gram, treat as unknown
Warning: ngram_lookup: "patuhilah" not exist in N-gram, treat as unknown
Warning: ngram_lookup: "putihkanlah" not exist in N-gram, treat as unknown
Warning: ngram_lookup: "puty" not exist in N-gram, treat as unknown
Warning: ngram_lookup: "qowi" not exist in N-gram, treat as unknown
Warning: ngram_lookup: "revita" not exist in N-gram, treat as unknown
Warning: ngram_lookup: "robbana" not exist in N-gram, treat as unknown
Warning: ngram_lookup: "s.e." not exist in N-gram, treat as unknown
Warning: ngram_lookup: "s.ip" not exist in N-gram, treat as unknown
Warning: ngram_lookup: "s.ip." not exist in N-gram, treat as unknown
Warning: ngram_lookup: "s.t." not exist in N-gram, treat as unknown
Warning: ngram_lookup: "sabdatama" not exist in N-gram, treat as unknown
Warning: ngram_lookup: "sayang-mu" not exist in N-gram, treat as unknown
Warning: ngram_lookup: "sholi" not exist in N-gram, treat as unknown
Warning: ngram_lookup: "sinak" not exist in N-gram, treat as unknown
Warning: ngram_lookup: "subtansial" not exist in N-gram, treat as unknown
Warning: ngram_lookup: "sulthonik" not exist in N-gram, treat as unknown
Warning: ngram_lookup: "syakirin" not exist in N-gram, treat as unknown
Warning: ngram_lookup: "tiyasno" not exist in N-gram, treat as unknown
Warning: ngram_lookup: "tuntunlah" not exist in N-gram, treat as unknown
Warning: ngram_lookup: "tutupilah" not exist in N-gram, treat as unknown
Warning: ngram_lookup: "usikum" not exist in N-gram, treat as unknown
Warning: ngram_lookup: "waala" not exist in N-gram, treat as unknown
Warning: ngram_lookup: "wafil" not exist in N-gram, treat as unknown
Warning: ngram_lookup: "waflahumuafiq" not exist in N-gram, treat as unknown
Warning: ngram_lookup: "waimuri" not exist in N-gram, treat as unknown
Warning: ngram_lookup: "wajihikal" not exist in N-gram, treat as unknown
Warning: ngram_lookup: "wakina" not exist in N-gram, treat as unknown
Warning: ngram_lookup: "wal'afiat" not exist in N-gram, treat as unknown
Warning: ngram_lookup: "walhamdulillahirobil'alamin" not exist in N-gram, treat as unknown
Warning: ngram_lookup: "wallahuma" not exist in N-gram, treat as unknown
Warning: ngram_lookup: "wanafsi" not exist in N-gram, treat as unknown
Warning: ngram_lookup: "warrahmatullahi" not exist in N-gram, treat as unknown
Warning: ngram_lookup: "wasalamu" not exist in N-gram, treat as unknown
Warning: ngram_lookup: "wasalim" not exist in N-gram, treat as unknown
Warning: ngram_lookup: "wasohbihi" not exist in N-gram, treat as unknown
Warning: ngram_lookup: "wassalamu'alaikum" not exist in N-gram, treat as unknown
Warning: ngram_lookup: "yaazim" not exist in N-gram, treat as unknown
Warning: ngram_lookup: "yambagi" not exist in N-gram, treat as unknown
Warning: ngram_lookup: "yuafini'" not exist in N-gram, treat as unknown
Warning: ngram_lookup: "yuamazidah" not exist in N-gram, treat as unknown
Stat: init_ngram: finished word-to-ngram mapping
Warning: BOS word "<s>" has unigram prob of "-99"
Warning: assigining value of EOS word "</s>": -1.591803
STAT: *** LM00 _default loaded
STAT: ------
STAT: All models are ready, go for final fusion
STAT: [1] create MFCC extraction instance(s)
STAT: *** create MFCC calculation modules from AM
STAT: AM 0 _default: create a new module MFCC01
STAT: 1 MFCC modules created
STAT: [2] create recognition processing instance(s) with AM and LM
STAT: composing recognizer instance SR00 _default (AM00 _default, LM00 _default)
STAT: Building HMM lexicon tree
STAT: lexicon size: 111848 nodes
STAT: coordination check passed
STAT: make successor lists for unigram factoring
STAT: done
STAT:  1-gram factoring values has been pre-computed
STAT: SR00 _default composed
STAT: [3] initialize for acoustic HMM calculation
Stat: outprob_init: state-level mixture PDFs, use calc_mix()
Stat: addlog: generating addlog table (size = 1953 kB)
Stat: addlog: addlog table generated
STAT: [4] prepare MFCC storage(s)
STAT: All init successfully done

STAT: ###### initialize input device
----------------------- System Information begin ---------------------
JuliusLib rev.4.3.1 (fast)

Engine specification:
 -  Base setup   : fast
 -  Supported LM : DFA, N-gram, Word
 -  Extension    : WordsInt LibSndFile
 -  Compiled by  : gcc -g -O2

------------------------------------------------------------
Configuration of Modules

 Number of defined modules: AM=1, LM=1, SR=1

 Acoustic Model (with input parameter spec.):
 - AM00 "_default"
	hmmfilename=hmm15/hmmdefs
	hmmmapfilename=tiedlist

 Language Model:
 - LM00 "_default"
	vocabulary filename=dict
	n-gram  filename=binary (binary format)

 Recognizer:
 - SR00 "_default" (AM00, LM00)

------------------------------------------------------------
Speech Analysis Module(s)

[MFCC01]  for [AM00 _default]

 Acoustic analysis condition:
	       parameter = MFCC_0_D_A (39 dim. from 12 cepstrum + c0)
	sample frequency = 16000 Hz
	   sample period =  625  (1 = 100ns)
	     window size =  400 samples (25.0 ms)
	     frame shift =  160 samples (10.0 ms)
	    pre-emphasis = 0.97
	    # filterbank = 24
	   cepst. lifter = 22
	      raw energy = False
	energy normalize = False
	    delta window = 2 frames (20.0 ms) around
	      acc window = 2 frames (20.0 ms) around
	     hi freq cut = OFF
	     lo freq cut = OFF
	 zero mean frame = OFF
	       use power = OFF
	             CVN = OFF
	            VTLN = OFF

    spectral subtraction = off

 cep. mean normalization = no
 cep. var. normalization = no

	 base setup from = Julius defaults

------------------------------------------------------------
Acoustic Model(s)

[AM00 "_default"]

 HMM Info:
    1929 models, 520 states, 520 mpdfs, 520 Gaussians are defined
	      model type = context dependency handling ON
      training parameter = MFCC_D_A_0
	   vector length = 39
	number of stream = 1
	     stream info = [0-38]
	cov. matrix type = DIAGC
	   duration type = NULLD
	max mixture size = 1 Gaussians
     max length of model = 5 states
     logical base phones = 35
       model skip trans. = exist, require multi-path handling
      skippable models = sp (1 model(s))

 AM Parameters:
        Gaussian pruning = none (full computation)  (-gprune)
    short pause HMM name = "sp" specified, "sp" applied (physical)  (-sp)
  cross-word CD on pass1 = handle by approx. (use 3-best of same LC)
   sp transition penalty = -1.0

------------------------------------------------------------
Language Model(s)

[LM00 "_default"] type=n-gram

 N-gram info:
	            spec = 3-gram, forward (left-to-right)
	        OOV word = <unk>(id=32)
	        OOV size = 96 words in dict
	    wordset size = 179235
	  1-gram entries =     179235  (  1.4 MB)
	  2-gram entries =    2026095  ( 23.8 MB) (15% are valid contexts)
	  3-gram entries =     958584  (  9.4 MB)
	           pass1 = 2-gram in the forward n-gram

 Vocabulary Info:
        vocabulary size  = 7911 words, 53899 models
        average wor